Tue, Dec 23, 2025 11:53:19 AM - anna - LOW RISK
Tue, Dec 23, 2025 11:53:19 AM - david - LOW RISK
Tue, Dec 23, 2025 11:53:19 AM - erik - LOW RISK
Tue, Dec 23, 2025 11:53:19 AM - sofia - LOW RISK
Tue, Dec 23, 2025 11:53:19 AM - Analys slutförd.
Tue, Dec 23, 2025 12:13:23 PM - anna - LOW RISK
Tue, Dec 23, 2025 12:13:23 PM -  - LOW RISK
Tue, Dec 23, 2025 12:13:23 PM - david - LOW RISK
Tue, Dec 23, 2025 12:13:23 PM - erik - LOW RISK
Tue, Dec 23, 2025 12:13:23 PM - jonas - LOW RISK
Tue, Dec 23, 2025 12:13:23 PM - sofia - LOW RISK
Tue, Dec 23, 2025 12:13:23 PM - Analys slutförd.
Tue, Dec 23, 2025 12:14:44 PM - anna - LOW RISK
Tue, Dec 23, 2025 12:14:44 PM -  - LOW RISK
Tue, Dec 23, 2025 12:14:44 PM - david - LOW RISK
Tue, Dec 23, 2025 12:14:44 PM - erik - LOW RISK
Tue, Dec 23, 2025 12:14:44 PM - jonas - LOW RISK
Tue, Dec 23, 2025 12:14:44 PM - sofia - LOW RISK
Tue, Dec 23, 2025 12:14:44 PM - Analys slutförd.
Tue, Dec 23, 2025 12:32:01 PM - anna - LOW RISK
Tue, Dec 23, 2025 12:32:01 PM -  - LOW RISK
Tue, Dec 23, 2025 12:32:01 PM - david - LOW RISK
Tue, Dec 23, 2025 12:32:01 PM - erik - LOW RISK
Tue, Dec 23, 2025 12:32:01 PM - jonas - LOW RISK
Tue, Dec 23, 2025 12:32:01 PM - sofia - LOW RISK
Tue, Dec 23, 2025 12:32:01 PM - Analys slutförd.
Tue, Dec 23, 2025 12:35:36 PM - anna - LOW RISK
Tue, Dec 23, 2025 12:35:36 PM - david - LOW RISK
Tue, Dec 23, 2025 12:35:36 PM - erik - LOW RISK
Tue, Dec 23, 2025 12:35:36 PM - jonas - LOW RISK
Tue, Dec 23, 2025 12:35:36 PM - sofia - LOW RISK
Tue, Dec 23, 2025 12:35:36 PM - Analys slutförd.
12/23/2025 13:51:42 - anna - MEDIUM RISK (failed attempts)
12/23/2025 13:51:42 - erik - HIGH RISK (3+ failed attempts)
12/23/2025 13:51:42 - david - CRITICAL RISK (disabled + failed logins)
12/23/2025 13:51:42 - sofia - LOW RISK
12/23/2025 13:51:42 - jonas - CRITICAL RISK (disabled + failed logins)
12/23/2025 13:51:42 - Analys slutförd.
Tue, Dec 23, 2025  1:59:40 PM - anna - LOW RISK
Tue, Dec 23, 2025  1:59:40 PM - david - LOW RISK
Tue, Dec 23, 2025  1:59:40 PM - erik - LOW RISK
Tue, Dec 23, 2025  1:59:40 PM - jonas - LOW RISK
Tue, Dec 23, 2025  1:59:40 PM - sofia - LOW RISK
Tue, Dec 23, 2025  1:59:40 PM - Analys slutförd.
Tue, Dec 23, 2025  2:01:37 PM - anna – LOW RISK
Tue, Dec 23, 2025  2:01:37 PM - david – LOW RISK
Tue, Dec 23, 2025  2:01:37 PM - erik – LOW RISK
Tue, Dec 23, 2025  2:01:37 PM - jonas – LOW RISK
Tue, Dec 23, 2025  2:01:37 PM - sofia – LOW RISK
Tue, Dec 23, 2025  2:01:37 PM - Analys slutförd.
Tue, Dec 23, 2025  2:11:11 PM - anna – LOW RISK
Tue, Dec 23, 2025  2:11:11 PM - david – LOW RISK
Tue, Dec 23, 2025  2:11:11 PM - erik – LOW RISK
Tue, Dec 23, 2025  2:11:11 PM - jonas – LOW RISK
Tue, Dec 23, 2025  2:11:11 PM - sofia – LOW RISK
Tue, Dec 23, 2025  2:11:11 PM - Analys slutförd.
Tue Dec 23 14:19:59 CET 2025 - anna – LOW RISK
Tue Dec 23 14:19:59 CET 2025 - david – LOW RISK
Tue Dec 23 14:19:59 CET 2025 - erik – LOW RISK
Tue Dec 23 14:19:59 CET 2025 - jonas – LOW RISK
Tue Dec 23 14:19:59 CET 2025 - sofia – LOW RISK
Tue Dec 23 14:19:59 CET 2025 - Analys slutförd.
Tue Dec 23 14:22:51 CET 2025 - anna – LOW RISK
Tue Dec 23 14:22:51 CET 2025 - david – LOW RISK
Tue Dec 23 14:22:51 CET 2025 - erik – LOW RISK
Tue Dec 23 14:22:51 CET 2025 - jonas – LOW RISK
Tue Dec 23 14:22:51 CET 2025 - sofia – LOW RISK
Tue Dec 23 14:22:51 CET 2025 - Analys slutförd.
Tue, Dec 23, 2025  2:23:21 PM - anna – LOW RISK
Tue, Dec 23, 2025  2:23:21 PM - david – LOW RISK
Tue, Dec 23, 2025  2:23:21 PM - erik – LOW RISK
Tue, Dec 23, 2025  2:23:21 PM - jonas – LOW RISK
Tue, Dec 23, 2025  2:23:21 PM - sofia – LOW RISK
Tue, Dec 23, 2025  2:23:21 PM - Analys slutförd.
Tue Dec 23 14:38:17 CET 2025 - anna – MEDIUM RISK (failed attempts)
Tue Dec 23 14:38:17 CET 2025 - david – MEDIUM RISK (failed attempts)
Tue Dec 23 14:38:17 CET 2025 - erik – HIGH RISK (3+ failed attempts)
Tue Dec 23 14:38:17 CET 2025 - jonas – MEDIUM RISK (failed attempts)
Tue Dec 23 14:38:17 CET 2025 - sofia – LOW RISK
Tue Dec 23 14:38:17 CET 2025 - Analys slutförd.
