Tue, Dec 23, 2025 10:49:06 AM - anna – OK
Tue, Dec 23, 2025 10:49:06 AM - erik – MEDIUM RISK (inaktiv > 90 dagar)
Tue, Dec 23, 2025 10:49:06 AM - david – HIGH RISK (inaktiv > 180 dagar)
Tue, Dec 23, 2025 10:49:06 AM - sofia – OK
Tue, Dec 23, 2025 10:49:06 AM - Analys slutförd.
2025-12-23 10:54:22 - Analys startad.
2025-12-23 10:54:22 - anna - OK
2025-12-23 10:54:22 - erik - MEDIUM RISK (inaktiv > 90 dagar)
2025-12-23 10:54:22 - david - KRITISK RISK (inaktiv > 180 dagar & disabled)
2025-12-23 10:54:22 - sofia - OK
2025-12-23 10:54:22 - jonas - KRITISK RISK (inaktiv > 180 dagar & disabled)
2025-12-23 10:54:22 - Analys slutförd.
Tue, Dec 23, 2025 12:14:03 PM - anna - OK
Tue, Dec 23, 2025 12:14:03 PM - erik - MEDIUM RISK (inaktiv > 90 dagar)
Tue, Dec 23, 2025 12:14:03 PM - david - HIGH RISK (inaktiv > 180 dagar)
Tue, Dec 23, 2025 12:14:03 PM - sofia - OK
Tue, Dec 23, 2025 12:14:03 PM - jonas - HIGH RISK (inaktiv > 180 dagar)
Tue, Dec 23, 2025 12:14:03 PM -  - OK
Tue, Dec 23, 2025 12:14:04 PM - Analys slutförd.
Tue, Dec 23, 2025 12:34:43 PM - anna - OK
Tue, Dec 23, 2025 12:34:43 PM - erik - MEDIUM RISK (inaktiv > 90 dagar)
Tue, Dec 23, 2025 12:34:43 PM - david - HIGH RISK (inaktiv > 180 dagar)
Tue, Dec 23, 2025 12:34:43 PM - sofia - OK
Tue, Dec 23, 2025 12:34:43 PM - Analys slutförd.
Tue, Dec 23, 2025 12:35:12 PM - anna - OK
Tue, Dec 23, 2025 12:35:12 PM - erik - MEDIUM RISK (inaktiv > 90 dagar)
Tue, Dec 23, 2025 12:35:12 PM - david - HIGH RISK (inaktiv > 180 dagar)
Tue, Dec 23, 2025 12:35:12 PM - sofia - OK
Tue, Dec 23, 2025 12:35:12 PM - jonas - HIGH RISK (inaktiv > 180 dagar)
Tue, Dec 23, 2025 12:35:12 PM - Analys slutförd.
